ANOPADEN> with
          Ancestors(v_cv, v_jmeno, v_otec, v_matka, v_gen) as
          (
              select CV, JMENO, OTEC, MATKA, 0
              from VYDRA v1
              where CV = 10
              union all
              select v2.CV, v2.JMENO, v2.OTEC, v2.MATKA, a.v_gen + 1
              from VYDRA v2
              inner join Ancestors a on ((a.v_matka = v2.CV or a.v_otec = v2.CV) and
                                         (v2.POHLAVI = 'M' or v2.POHLAVI = 'M'))
          )
          select * from Ancestors
          where v_gen > 0
[2024-04-02 13:11:05] 2 rows retrieved starting from 1 in 130 ms (execution: 37 ms, fetching: 93 ms)

| V\_CV | V\_JMENO | V\_OTEC | V\_MATKA | V\_GEN |
| :--- | :--- | :--- | :--- | :--- |
| 7 | Ringo | 2 | 3 | 1 |
| 2 | Nestor | null | null | 2 |


ANOPADEN> with
          Ancestors(v_cv, v_jmeno, v_otec, v_matka, v_gen) as
          (
              select CV, JMENO, OTEC, MATKA, 0
              from VYDRA v1
              where CV = 10
              union all
              select v2.CV, v2.JMENO, v2.OTEC, v2.MATKA, a.v_gen + 1
              from VYDRA v2
              inner join Ancestors a on ((a.v_matka = v2.CV or a.v_otec = v2.CV) and
                                         (v2.POHLAVI = 'Z' or v2.POHLAVI = 'Z'))
          )
          select * from Ancestors
          where v_gen > 0
[2024-04-02 13:11:05] 2 rows retrieved starting from 1 in 93 ms (execution: 29 ms, fetching: 64 ms)
ANOPADEN> with
          Ancestors(v_cv, v_jmeno, v_otec, v_matka, v_gen) as
          (
              select CV, JMENO, OTEC, MATKA, 0
              from VYDRA v1
              where CV = 10
              union all
              select v2.CV, v2.JMENO, v2.OTEC, v2.MATKA, a.v_gen + 1
              from VYDRA v2
              inner join Ancestors a on ((a.v_matka = v2.CV or a.v_otec = v2.CV) and
                                         (v2.POHLAVI = 'M' or v2.POHLAVI = 'Z'))
          )
          select * from Ancestors
          where v_gen > 0
[2024-04-02 13:11:05] 6 rows retrieved starting from 1 in 104 ms (execution: 44 ms, fetching: 60 ms)